# JRE version: OpenJDK Runtime Environment (11.0.8+10) (build 11.0.8+10-b944.6842174)
# Java VM: OpenJDK 64-Bit Server VM (11.0.8+10-b944.6842174, mixed mode, tiered, compressed oops, g1 gc, windows-amd64)
Heap:
 garbage-first heap   total 1053696K, used 190149K [0x0000000080000000, 0x0000000100000000)
  region size 1024K, 7 young (7168K), 7 survivors (7168K)
 Metaspace       used 142063K, capacity 145634K, committed 146048K, reserved 1177600K
  class space    used 17195K, capacity 18460K, committed 18636K, reserved 1048576K
GC Heap History (20 events):
Event: 2604.406 GC heap after
{Heap after GC invocations=80 (full 0):
 garbage-first heap   total 273408K, used 158107K [0x0000000080000000, 0x0000000100000000)
  region size 1024K, 9 young (9216K), 9 survivors (9216K)
 Metaspace       used 136467K, capacity 139915K, committed 140160K, reserved 1171456K
  class space    used 16590K, capacity 17777K, committed 17868K, reserved 1048576K
}
Event: 2605.193 GC heap before
{Heap before GC invocations=80 (full 0):
 garbage-first heap   total 273408K, used 212379K [0x0000000080000000, 0x0000000100000000)
  region size 1024K, 62 young (63488K), 9 survivors (9216K)
 Metaspace       used 138231K, capacity 141820K, committed 142080K, reserved 1173504K
  class space    used 16886K, capacity 18120K, committed 18252K, reserved 1048576K
}
Event: 2605.287 GC heap after
{Heap after GC invocations=81 (full 0):
 garbage-first heap   total 273408K, used 168834K [0x0000000080000000, 0x0000000100000000)
  region size 1024K, 8 young (8192K), 8 survivors (8192K)
 Metaspace       used 138231K, capacity 141820K, committed 142080K, reserved 1173504K
  class space    used 16886K, capacity 18120K, committed 18252K, reserved 1048576K
}
Event: 2606.087 GC heap before
{Heap before GC invocations=82 (full 0):
 garbage-first heap   total 273408K, used 217986K [0x0000000080000000, 0x0000000100000000)
  region size 1024K, 56 young (57344K), 8 survivors (8192K)
 Metaspace       used 140289K, capacity 143933K, committed 144128K, reserved 1175552K
  class space    used 17191K, capacity 18457K, committed 18508K, reserved 1048576K
}
Event: 2606.115 GC heap after
{Heap after GC invocations=83 (full 0):
 garbage-first heap   total 273408K, used 175324K [0x0000000080000000, 0x0000000100000000)
  region size 1024K, 6 young (6144K), 6 survivors (6144K)
 Metaspace       used 140289K, capacity 143933K, committed 144128K, reserved 1175552K
  class space    used 17191K, capacity 18457K, committed 18508K, reserved 1048576K
}
Event: 2606.183 GC heap before
{Heap before GC invocations=83 (full 0):
 garbage-first heap   total 273408K, used 182492K [0x0000000080000000, 0x0000000100000000)
  region size 1024K, 13 young (13312K), 6 survivors (6144K)
 Metaspace       used 140342K, capacity 143965K, committed 144128K, reserved 1175552K
  class space    used 17202K, capacity 18489K, committed 18508K, reserved 1048576K
}
Event: 2606.221 GC heap after
{Heap after GC invocations=84 (full 0):
 garbage-first heap   total 273408K, used 171917K [0x0000000080000000, 0x0000000100000000)
  region size 1024K, 2 young (2048K), 2 survivors (2048K)
 Metaspace       used 140342K, capacity 143965K, committed 144128K, reserved 1175552K
  class space    used 17202K, capacity 18489K, committed 18508K, reserved 1048576K
}
Event: 2606.880 GC heap before
{Heap before GC invocations=84 (full 0):
 garbage-first heap   total 273408K, used 219021K [0x0000000080000000, 0x0000000100000000)
  region size 1024K, 49 young (50176K), 2 survivors (2048K)
 Metaspace       used 140844K, capacity 144571K, committed 144640K, reserved 1175552K
  class space    used 17210K, capacity 18496K, committed 18508K, reserved 1048576K
}
Event: 2606.929 GC heap after
{Heap after GC invocations=85 (full 0):
 garbage-first heap   total 357376K, used 177895K [0x0000000080000000, 0x0000000100000000)
  region size 1024K, 7 young (7168K), 7 survivors (7168K)
 Metaspace       used 140844K, capacity 144571K, committed 144640K, reserved 1175552K
  class space    used 17210K, capacity 18496K, committed 18508K, reserved 1048576K
}
Event: 2608.410 GC heap before
{Heap before GC invocations=86 (full 0):
 garbage-first heap   total 357376K, used 255719K [0x0000000080000000, 0x0000000100000000)
  region size 1024K, 83 young (84992K), 7 survivors (7168K)
 Metaspace       used 141043K, capacity 144683K, committed 145152K, reserved 1175552K
  class space    used 17164K, capacity 18416K, committed 18508K, reserved 1048576K
}
Event: 2608.433 GC heap after
{Heap after GC invocations=87 (full 0):
 garbage-first heap   total 357376K, used 182465K [0x0000000080000000, 0x0000000100000000)
  region size 1024K, 6 young (6144K), 6 survivors (6144K)
 Metaspace       used 141043K, capacity 144683K, committed 145152K, reserved 1175552K
  class space    used 17164K, capacity 18416K, committed 18508K, reserved 1048576K
}
Event: 2609.600 GC heap before
{Heap before GC invocations=87 (full 0):
 garbage-first heap   total 357376K, used 262337K [0x0000000080000000, 0x0000000100000000)
  region size 1024K, 84 young (86016K), 6 survivors (6144K)
 Metaspace       used 141181K, capacity 144758K, committed 145152K, reserved 1175552K
  class space    used 17184K, capacity 18420K, committed 18508K, reserved 1048576K
}
Event: 2609.619 GC heap after
{Heap after GC invocations=88 (full 0):
 garbage-first heap   total 357376K, used 184539K [0x0000000080000000, 0x0000000100000000)
  region size 1024K, 8 young (8192K), 8 survivors (8192K)
 Metaspace       used 141181K, capacity 144758K, committed 145152K, reserved 1175552K
  class space    used 17184K, capacity 18420K, committed 18508K, reserved 1048576K
}
Event: 2610.873 GC heap before
{Heap before GC invocations=89 (full 0):
 garbage-first heap   total 357376K, used 270555K [0x0000000080000000, 0x0000000100000000)
  region size 1024K, 92 young (94208K), 8 survivors (8192K)
 Metaspace       used 141623K, capacity 145207K, committed 145536K, reserved 1175552K
  class space    used 17191K, capacity 18457K, committed 18636K, reserved 1048576K
}
Event: 2611.289 GC heap after
{Heap after GC invocations=90 (full 0):
 garbage-first heap   total 357376K, used 186624K [0x0000000080000000, 0x0000000100000000)
  region size 1024K, 6 young (6144K), 6 survivors (6144K)
 Metaspace       used 141623K, capacity 145207K, committed 145536K, reserved 1175552K
  class space    used 17191K, capacity 18457K, committed 18636K, reserved 1048576K
}
Event: 2611.767 GC heap before
{Heap before GC invocations=90 (full 0):
 garbage-first heap   total 357376K, used 196864K [0x0000000080000000, 0x0000000100000000)
  region size 1024K, 17 young (17408K), 6 survivors (6144K)
 Metaspace       used 141708K, capacity 145341K, committed 145792K, reserved 1177600K
  class space    used 17191K, capacity 18457K, committed 18636K, reserved 1048576K
}
Event: 2611.821 GC heap after
{Heap after GC invocations=91 (full 0):
 garbage-first heap   total 357376K, used 184917K [0x0000000080000000, 0x0000000100000000)
  region size 1024K, 2 young (2048K), 2 survivors (2048K)
 Metaspace       used 141708K, capacity 145341K, committed 145792K, reserved 1177600K
  class space    used 17191K, capacity 18457K, committed 18636K, reserved 1048576K
}
Event: 2615.485 GC heap before
{Heap before GC invocations=91 (full 0):
 garbage-first heap   total 357376K, used 280149K [0x0000000080000000, 0x0000000100000000)
  region size 1024K, 95 young (97280K), 2 survivors (2048K)
 Metaspace       used 141985K, capacity 145561K, committed 146048K, reserved 1177600K
  class space    used 17194K, capacity 18459K, committed 18636K, reserved 1048576K
}
Event: 2617.203 GC heap after
{Heap after GC invocations=92 (full 0):
 garbage-first heap   total 357376K, used 187489K [0x0000000080000000, 0x0000000100000000)
  region size 1024K, 5 young (5120K), 5 survivors (5120K)
 Metaspace       used 141985K, capacity 145561K, committed 146048K, reserved 1177600K
  class space    used 17194K, capacity 18459K, committed 18636K, reserved 1048576K
}
Event: 2620.002 GC heap before
{Heap before GC invocations=92 (full 0):
 garbage-first heap   total 357376K, used 263265K [0x0000000080000000, 0x0000000100000000)
  region size 1024K, 79 young (80896K), 5 survivors (5120K)
 Metaspace       used 142063K, capacity 145634K, committed 146048K, reserved 1177600K
  class space    used 17195K, capacity 18460K, committed 18636K, reserved 1048576K
}

